configuration: --disable-mencoder --enable-mplayer --disable-gui --disable-gtk1 --disable-largefiles --disable-termcap --disable-termios --enable-iconv --disable-langinfo --disable-lirc --disable-lircc --disable-joystick --disable-apple-remote --disable-apple-ir --disable-vm --disable-xf86keysym --disable-radio --disable-radio-capture --disable-radio-v4l2 --disable-radio-bsdbt848 --disable-tv --disable-tv-v4l1 --disable-tv-v4l2 --disable-tv-bsdbt848 --disable-pvr --disable-rtc --disable-network --disable-winsock2_h --disable-smb --disable-live --disable-nemesi --disable-librtmp --disable-vcd --disable-bluray --disable-dvdnav --disable-dvdread --disable-dvdread-internal --disable-libdvdcss-internal --disable-cdparanoia --disable-cddb --disable-bitmap-font --enable-freetype --disable-fontconfig --disable-unrarexec --disable-menu --enable-sortsub --disable-fribidi --disable-enca --disable-maemo --disable-macosx-finder --disable-macosx-bundle --disable-inet6 --disable-gethostbyname2 --disable-ftp --disable-vstream --disable-pthreads --disable-w32threads --disable-ass-internal --disable-ass --disable-rpath --disable-gif --disable-png --disable-mng --disable-jpeg --disable-libcdio --disable-liblzo --disable-win32dll --disable-qtx --disable-xanim --disable-real --disable-xvid --disable-xvid-lavc --disable-x264 --disable-x264-lavc --disable-libdirac-lavc --disable-libschroedinger-lavc --disable-libvpx-lavc --disable-libnut --enable-libavutil_a --enable-libavcodec_a --enable-libavformat_a --enable-libpostproc_a --enable-libswscale_a --disable-libavutil_so --disable-libavcodec_so --disable-libavformat_so --disable-libpostproc_so --disable-libswscale_so --disable-libavcodec_mpegaudio_hp --enable-tremor-internal --enable-tremor-low --enable-tremor --disable-libvorbis --disable-speex --disable-libgsm --disable-theora --enable-faad --enable-faad-internal --enable-faad-fixed --disable-faac --disable-faac-lavc --disable-ladspa --disable-libbs2b --disable-libdv --disable-mpg123 --disable-mad --disable-mp3lame --disable-mp3lame-lavc --disable-toolame --disable-twolame --disable-xmms --disable-libdca --disable-mp3lib --disable-liba52 --disable-libmpeg2 --disable-libmpeg2-internal --disable-musepack --disable-libopencore_amrnb --disable-libopencore_amrwb --disable-libopenjpeg --disable-vidix --disable-vidix-pcidb --disable-dhahelper --disable-svgalib_helper --disable-gl --disable-matrixview --disable-dga2 --disable-dga1 --disable-vesa --disable-svga --disable-sdl --disable-kva --disable-aa --disable-caca --disable-ggi --disable-ggiwmh --disable-direct3d --disable-directx --disable-dxr2 --disable-dxr3 --disable-ivtv --disable-v4l2 --disable-dvb --disable-mga --disable-xmga --disable-xv --disable-xvmc --disable-vdpau --disable-vm --disable-xinerama --disable-x11 --disable-xshape --disable-xss --enable-fbdev --disable-mlib --disable-3dfx --disable-tdfxfb --disable-s3fb --disable-wii --disable-directfb --disable-zr --disable-bl --disable-tdfxvid --disable-xvr100 --disable-tga --disable-pnm --disable-md5sum --disable-yuv4mpeg --disable-corevideo --disable-quartz --disable-alsa --enable-ossaudio --disable-arts --disable-esd --disable-pulse --disable-jack --disable-openal --disable-nas --disable-sgiaudio --disable-sunaudio --disable-kai --disable-dart --disable-win32waveout --disable-coreaudio --enable-select --disable-runtime-cpudetection --enable-cross-compile --cc=arm-linux-gcc --host-cc=gcc --as=arm-linux-as --nm=arm-linux-nm --yasm= --ar=arm-linux-ar --ranlib=arm-linux-ranlib --target=arm-linux --enable-static --disable-mmx --disable-mmxext --disable-3dnow --disable-3dnowext --disable-sse --disable-sse2 --disable-ssse3 --disable-shm --disable-altivec --disable-armv5te --disable-armv6 --disable-armv6t2 --disable-armvfp --disable-neon --disable-iwmmxt --disable-fastmemcpy --disable-hardcoded-tables --disable-big-endian --disable-debug --disable-profile --enable-sighandler --disable-crash-debug --disable-dynamic-plugins

============ Checking for arm-linux-gcc version ============
Result is: 4.2.1 
##########################################

============ Checking for host cc ============
Result is: gcc 
##########################################

============ Checking for cross compilation ============
Result is: yes 
##########################################

============ Checking for byte order ============
Result is: little-endian 
##########################################

============ Checking for extern symbol prefix ============

int ff_extern;

arm-linux-gcc /tmp/mplayer-configure-15406-32757/tmp.c  -I.  -static    -o /tmp/mplayer-configure-15406-32757/tmp -c


Result is:  
##########################################

============ Checking for assembler support of -pipe option ============

int main(void) { return 0; }

arm-linux-gcc /tmp/mplayer-configure-15406-32757/tmp.c  -I.  -static    -o /tmp/mplayer-configure-15406-32757/tmp -pipe -I.


Result is: yes 
##########################################

============ Checking for compiler support of named assembler arguments ============
Result is: yes 
##########################################


int main(void) { return 0; }

arm-linux-gcc /tmp/mplayer-configure-15406-32757/tmp.c -Wall -Wno-switch -Wpointer-arith -Wredundant-decls -O4   -pipe -ffast-math -fomit-frame-pointer -I.  -static  -ffast-math   -o /tmp/mplayer-configure-15406-32757/tmp -std=gnu99



int main(void) { return 0; }

arm-linux-gcc /tmp/mplayer-configure-15406-32757/tmp.c -std=gnu99 -Wall -Wno-switch -Wpointer-arith -Wredundant-decls -O4   -pipe -ffast-math -fomit-frame-pointer -I.  -static  -ffast-math   -o /tmp/mplayer-configure-15406-32757/tmp -Wdeclaration-after-statement



int main(void) { return 0; }

arm-linux-gcc /tmp/mplayer-configure-15406-32757/tmp.c -Wdeclaration-after-statement -std=gnu99 -Wall -Wno-switch -Wpointer-arith -Wredundant-decls -O4   -pipe -ffast-math -fomit-frame-pointer -I.  -static  -ffast-math   -o /tmp/mplayer-configure-15406-32757/tmp -Wno-pointer-sign



int main(void) { return 0; }

arm-linux-gcc /tmp/mplayer-configure-15406-32757/tmp.c -Wno-pointer-sign -Wdeclaration-after-statement -std=gnu99 -Wall -Wno-switch -Wpointer-arith -Wredundant-decls -O4   -pipe -ffast-math -fomit-frame-pointer -I.  -static  -ffast-math   -o /tmp/mplayer-configure-15406-32757/tmp -Wdisabled-optimization



int main(void) { return 0; }

arm-linux-gcc /tmp/mplayer-configure-15406-32757/tmp.c -Wdisabled-optimization -Wno-pointer-sign -Wdeclaration-after-statement -std=gnu99 -Wall -Wno-switch -Wpointer-arith -Wredundant-decls -O4   -pipe -ffast-math -fomit-frame-pointer -I.  -static  -ffast-math   -o /tmp/mplayer-configure-15406-32757/tmp -Wundef



int main(void) { return 0; }

arm-linux-gcc /tmp/mplayer-configure-15406-32757/tmp.c -Wundef -Wdisabled-optimization -Wno-pointer-sign -Wdeclaration-after-statement -std=gnu99 -Wall -Wno-switch -Wpointer-arith -Wredundant-decls -O4   -pipe -ffast-math -fomit-frame-pointer -I.  -static  -ffast-math   -o /tmp/mplayer-configure-15406-32757/tmp -Wmissing-prototypes



int main(void) { return 0; }

arm-linux-gcc /tmp/mplayer-configure-15406-32757/tmp.c -Wmissing-prototypes -Wundef -Wdisabled-optimization -Wno-pointer-sign -Wdeclaration-after-statement -std=gnu99 -Wall -Wno-switch -Wpointer-arith -Wredundant-decls -O4   -pipe -ffast-math -fomit-frame-pointer -I.  -static  -ffast-math   -o /tmp/mplayer-configure-15406-32757/tmp -Wstrict-prototypes



int main(void) { return 0; }

arm-linux-gcc /tmp/mplayer-configure-15406-32757/tmp.c -Wstrict-prototypes -Wmissing-prototypes -Wundef -Wdisabled-optimization -Wno-pointer-sign -Wdeclaration-after-statement -std=gnu99 -Wall -Wno-switch -Wpointer-arith -Wredundant-decls -O4   -pipe -ffast-math -fomit-frame-pointer -I.  -static  -ffast-math   -o /tmp/mplayer-configure-15406-32757/tmp -mno-omit-leaf-frame-pointer
cc1: error: unrecognized command line option "-mno-omit-leaf-frame-pointer"



int main(void) { return 0; }

arm-linux-gcc /tmp/mplayer-configure-15406-32757/tmp.c -Wstrict-prototypes -Wmissing-prototypes -Wundef -Wdisabled-optimization -Wno-pointer-sign -Wdeclaration-after-statement -std=gnu99 -Wall -Wno-switch -Wpointer-arith -Wredundant-decls -O4   -pipe -ffast-math -fomit-frame-pointer -I.  -static  -ffast-math   -o /tmp/mplayer-configure-15406-32757/tmp -MD -MP


============ Checking for .align is a power of two ============

int main(void) { __asm__ (".align 3"); return 0; }

arm-linux-gcc /tmp/mplayer-configure-15406-32757/tmp.c -Wstrict-prototypes -Wmissing-prototypes -Wundef -Wdisabled-optimization -Wno-pointer-sign -Wdeclaration-after-statement -std=gnu99 -Wall -Wno-switch -Wpointer-arith -Wredundant-decls -O4   -pipe -ffast-math -fomit-frame-pointer -I.  -static  -ffast-math   -o /tmp/mplayer-configure-15406-32757/tmp 


Result is: yes 
##########################################

============ Checking for ARM pld instruction ============

int main(void) { __asm__ volatile ("pld [r0]"); return 0; }

arm-linux-gcc /tmp/mplayer-configure-15406-32757/tmp.c -Wstrict-prototypes -Wmissing-prototypes -Wundef -Wdisabled-optimization -Wno-pointer-sign -Wdeclaration-after-statement -std=gnu99 -Wall -Wno-switch -Wpointer-arith -Wredundant-decls -O4   -pipe -ffast-math -fomit-frame-pointer -I.  -static  -ffast-math   -o /tmp/mplayer-configure-15406-32757/tmp 


Result is: yes 
##########################################

============ Checking for ARMv5TE (Enhanced DSP Extensions) ============
Result is: no 
##########################################

============ Checking for ARMv6 (SIMD instructions) ============
Result is: no 
##########################################

============ Checking for ARMv6t2 (SIMD instructions) ============
Result is: no 
##########################################

============ Checking for ARM VFP ============
Result is: no 
##########################################

============ Checking for ARM NEON ============
Result is: no 
##########################################

============ Checking for iWMMXt (Intel XScale SIMD instructions) ============
Result is: no 
##########################################

============ Checking for -lposix ============

int main(void) { return 0; }

arm-linux-gcc /tmp/mplayer-configure-15406-32757/tmp.c -Wstrict-prototypes -Wmissing-prototypes -Wundef -Wdisabled-optimization -Wno-pointer-sign -Wdeclaration-after-statement -std=gnu99 -Wall -Wno-switch -Wpointer-arith -Wredundant-decls -O4   -pipe -ffast-math -fomit-frame-pointer -I.  -static  -ffast-math   -o /tmp/mplayer-configure-15406-32757/tmp -lposix
/usr/local/arm_linux_4.2/lib/gcc/arm-none-linux-gnueabi/4.2.1/../../../../arm-none-linux-gnueabi/bin/ld: cannot find -lposix
collect2: ld returned 1 exit status


Result is: no 
##########################################

============ Checking for -lm ============

int main(void) { return 0; }

arm-linux-gcc /tmp/mplayer-configure-15406-32757/tmp.c -Wstrict-prototypes -Wmissing-prototypes -Wundef -Wdisabled-optimization -Wno-pointer-sign -Wdeclaration-after-statement -std=gnu99 -Wall -Wno-switch -Wpointer-arith -Wredundant-decls -O4   -pipe -ffast-math -fomit-frame-pointer -I.  -static  -ffast-math   -o /tmp/mplayer-configure-15406-32757/tmp -lm


Result is: yes 
##########################################

============ Checking for langinfo ============
Result is: no 
##########################################

============ Checking for language ============
Result is: messages: en - man pages: en - documentation: en 
##########################################

============ Checking for enable sighandler ============
Result is: yes 
##########################################

============ Checking for runtime cpudetection ============
Result is: no 
##########################################

============ Checking for restrict keyword ============

void foo(char * restrict p); int main(void) { return 0; }

arm-linux-gcc /tmp/mplayer-configure-15406-32757/tmp.c -Wstrict-prototypes -Wmissing-prototypes -Wundef -Wdisabled-optimization -Wno-pointer-sign -Wdeclaration-after-statement -std=gnu99 -Wall -Wno-switch -Wpointer-arith -Wredundant-decls -O4   -pipe -ffast-math -fomit-frame-pointer -I.  -static  -ffast-math   -o /tmp/mplayer-configure-15406-32757/tmp 


Result is: restrict 
##########################################

============ Checking for __builtin_expect ============

int foo(int a) {
    a = __builtin_expect(a, 10);
    return a == 10 ? 0 : 1;
}
int main(void) { return foo(10) && foo(0); }

arm-linux-gcc /tmp/mplayer-configure-15406-32757/tmp.c -Wstrict-prototypes -Wmissing-prototypes -Wundef -Wdisabled-optimization -Wno-pointer-sign -Wdeclaration-after-statement -std=gnu99 -Wall -Wno-switch -Wpointer-arith -Wredundant-decls -O4   -pipe -ffast-math -fomit-frame-pointer -I.  -static  -ffast-math   -o /tmp/mplayer-configure-15406-32757/tmp 
/tmp/mplayer-configure-15406-32757/tmp.c:1: warning: no previous prototype for 'foo'


Result is: yes 
##########################################

============ Checking for kstat ============

#include <kstat.h>
int main(void) { (void) kstat_open(); (void) kstat_close(0); return 0; }

arm-linux-gcc /tmp/mplayer-configure-15406-32757/tmp.c -Wstrict-prototypes -Wmissing-prototypes -Wundef -Wdisabled-optimization -Wno-pointer-sign -Wdeclaration-after-statement -std=gnu99 -Wall -Wno-switch -Wpointer-arith -Wredundant-decls -O4   -pipe -ffast-math -fomit-frame-pointer -I.  -static  -ffast-math   -o /tmp/mplayer-configure-15406-32757/tmp -lkstat
/tmp/mplayer-configure-15406-32757/tmp.c:1:19: error: kstat.h: No such file or directory
/tmp/mplayer-configure-15406-32757/tmp.c: In function 'main':
/tmp/mplayer-configure-15406-32757/tmp.c:2: warning: implicit declaration of function 'kstat_open'
/tmp/mplayer-configure-15406-32757/tmp.c:2: warning: implicit declaration of function 'kstat_close'


Result is: no 
##########################################

============ Checking for posix4 ============

#include <time.h>
int main(void) { (void) nanosleep(0, 0); return 0; }

arm-linux-gcc /tmp/mplayer-configure-15406-32757/tmp.c -Wstrict-prototypes -Wmissing-prototypes -Wundef -Wdisabled-optimization -Wno-pointer-sign -Wdeclaration-after-statement -std=gnu99 -Wall -Wno-switch -Wpointer-arith -Wredundant-decls -O4   -pipe -ffast-math -fomit-frame-pointer -I.  -static  -ffast-math   -o /tmp/mplayer-configure-15406-32757/tmp -lposix4
/usr/local/arm_linux_4.2/lib/gcc/arm-none-linux-gnueabi/4.2.1/../../../../arm-none-linux-gnueabi/bin/ld: cannot find -lposix4
collect2: ld returned 1 exit status


Result is: no 
##########################################

============ Checking for exp2 ============

#include <math.h>
int main(void) { long (*foo)(float); foo = exp2; (void)(*foo)(0.0); return 0; }

arm-linux-gcc /tmp/mplayer-configure-15406-32757/tmp.c -Wstrict-prototypes -Wmissing-prototypes -Wundef -Wdisabled-optimization -Wno-pointer-sign -Wdeclaration-after-statement -std=gnu99 -Wall -Wno-switch -Wpointer-arith -Wredundant-decls -O4   -pipe -ffast-math -fomit-frame-pointer -I.  -static  -ffast-math   -o /tmp/mplayer-configure-15406-32757/tmp -D_ISOC99_SOURCE -lm
/tmp/mplayer-configure-15406-32757/tmp.c: In function 'main':
/tmp/mplayer-configure-15406-32757/tmp.c:2: warning: assignment from incompatible pointer type
/tmp/cchVmnLa.o: In function `main':
tmp.c:(.text+0xc): undefined reference to `exp2'
collect2: ld returned 1 exit status


Result is: no 
##########################################

============ Checking for exp2f ============

#include <math.h>
int main(void) { long (*foo)(float); foo = exp2f; (void)(*foo)(0.0); return 0; }

arm-linux-gcc /tmp/mplayer-configure-15406-32757/tmp.c -Wstrict-prototypes -Wmissing-prototypes -Wundef -Wdisabled-optimization -Wno-pointer-sign -Wdeclaration-after-statement -std=gnu99 -Wall -Wno-switch -Wpointer-arith -Wredundant-decls -O4   -pipe -ffast-math -fomit-frame-pointer -I.  -static  -ffast-math   -o /tmp/mplayer-configure-15406-32757/tmp -D_ISOC99_SOURCE -lm
/tmp/mplayer-configure-15406-32757/tmp.c: In function 'main':
/tmp/mplayer-configure-15406-32757/tmp.c:2: warning: assignment from incompatible pointer type
/tmp/cc0gr2jk.o: In function `main':
tmp.c:(.text+0xc): undefined reference to `exp2f'
collect2: ld returned 1 exit status


Result is: no 
##########################################

============ Checking for llrint ============

#include <math.h>
int main(void) { long (*foo)(float); foo = llrint; (void)(*foo)(0.0); return 0; }

arm-linux-gcc /tmp/mplayer-configure-15406-32757/tmp.c -Wstrict-prototypes -Wmissing-prototypes -Wundef -Wdisabled-optimization -Wno-pointer-sign -Wdeclaration-after-statement -std=gnu99 -Wall -Wno-switch -Wpointer-arith -Wredundant-decls -O4   -pipe -ffast-math -fomit-frame-pointer -I.  -static  -ffast-math   -o /tmp/mplayer-configure-15406-32757/tmp -D_ISOC99_SOURCE -lm
/tmp/mplayer-configure-15406-32757/tmp.c: In function 'main':
/tmp/mplayer-configure-15406-32757/tmp.c:2: warning: assignment from incompatible pointer type


Result is: yes 
##########################################

============ Checking for llrintf ============

#include <math.h>
int main(void) { long (*foo)(float); foo = llrintf; (void)(*foo)(0.0); return 0; }

arm-linux-gcc /tmp/mplayer-configure-15406-32757/tmp.c -Wstrict-prototypes -Wmissing-prototypes -Wundef -Wdisabled-optimization -Wno-pointer-sign -Wdeclaration-after-statement -std=gnu99 -Wall -Wno-switch -Wpointer-arith -Wredundant-decls -O4   -pipe -ffast-math -fomit-frame-pointer -I.  -static  -ffast-math   -o /tmp/mplayer-configure-15406-32757/tmp -D_ISOC99_SOURCE -lm
/tmp/mplayer-configure-15406-32757/tmp.c: In function 'main':
/tmp/mplayer-configure-15406-32757/tmp.c:2: warning: assignment from incompatible pointer type


Result is: yes 
##########################################

============ Checking for log2 ============

#include <math.h>
int main(void) { long (*foo)(float); foo = log2; (void)(*foo)(0.0); return 0; }

arm-linux-gcc /tmp/mplayer-configure-15406-32757/tmp.c -Wstrict-prototypes -Wmissing-prototypes -Wundef -Wdisabled-optimization -Wno-pointer-sign -Wdeclaration-after-statement -std=gnu99 -Wall -Wno-switch -Wpointer-arith -Wredundant-decls -O4   -pipe -ffast-math -fomit-frame-pointer -I.  -static  -ffast-math   -o /tmp/mplayer-configure-15406-32757/tmp -D_ISOC99_SOURCE -lm
/tmp/mplayer-configure-15406-32757/tmp.c: In function 'main':
/tmp/mplayer-configure-15406-32757/tmp.c:2: warning: assignment from incompatible pointer type
/tmp/ccH8bgzJ.o: In function `main':
tmp.c:(.text+0xc): undefined reference to `log2'
collect2: ld returned 1 exit status


Result is: no 
##########################################

============ Checking for log2f ============

#include <math.h>
int main(void) { long (*foo)(float); foo = log2f; (void)(*foo)(0.0); return 0; }

arm-linux-gcc /tmp/mplayer-configure-15406-32757/tmp.c -Wstrict-prototypes -Wmissing-prototypes -Wundef -Wdisabled-optimization -Wno-pointer-sign -Wdeclaration-after-statement -std=gnu99 -Wall -Wno-switch -Wpointer-arith -Wredundant-decls -O4   -pipe -ffast-math -fomit-frame-pointer -I.  -static  -ffast-math   -o /tmp/mplayer-configure-15406-32757/tmp -D_ISOC99_SOURCE -lm
/tmp/mplayer-configure-15406-32757/tmp.c: In function 'main':
/tmp/mplayer-configure-15406-32757/tmp.c:2: warning: assignment from incompatible pointer type
/tmp/ccuYQwNU.o: In function `main':
tmp.c:(.text+0xc): undefined reference to `log2f'
collect2: ld returned 1 exit status


Result is: no 
##########################################

============ Checking for lrint ============

#include <math.h>
int main(void) { long (*foo)(float); foo = lrint; (void)(*foo)(0.0); return 0; }

arm-linux-gcc /tmp/mplayer-configure-15406-32757/tmp.c -Wstrict-prototypes -Wmissing-prototypes -Wundef -Wdisabled-optimization -Wno-pointer-sign -Wdeclaration-after-statement -std=gnu99 -Wall -Wno-switch -Wpointer-arith -Wredundant-decls -O4   -pipe -ffast-math -fomit-frame-pointer -I.  -static  -ffast-math   -o /tmp/mplayer-configure-15406-32757/tmp -D_ISOC99_SOURCE -lm
/tmp/mplayer-configure-15406-32757/tmp.c: In function 'main':
/tmp/mplayer-configure-15406-32757/tmp.c:2: warning: assignment from incompatible pointer type


Result is: yes 
##########################################

============ Checking for lrintf ============

#include <math.h>
int main(void) { long (*foo)(float); foo = lrintf; (void)(*foo)(0.0); return 0; }

arm-linux-gcc /tmp/mplayer-configure-15406-32757/tmp.c -Wstrict-prototypes -Wmissing-prototypes -Wundef -Wdisabled-optimization -Wno-pointer-sign -Wdeclaration-after-statement -std=gnu99 -Wall -Wno-switch -Wpointer-arith -Wredundant-decls -O4   -pipe -ffast-math -fomit-frame-pointer -I.  -static  -ffast-math   -o /tmp/mplayer-configure-15406-32757/tmp -D_ISOC99_SOURCE -lm


Result is: yes 
##########################################

============ Checking for round ============

#include <math.h>
int main(void) { long (*foo)(float); foo = round; (void)(*foo)(0.0); return 0; }

arm-linux-gcc /tmp/mplayer-configure-15406-32757/tmp.c -Wstrict-prototypes -Wmissing-prototypes -Wundef -Wdisabled-optimization -Wno-pointer-sign -Wdeclaration-after-statement -std=gnu99 -Wall -Wno-switch -Wpointer-arith -Wredundant-decls -O4   -pipe -ffast-math -fomit-frame-pointer -I.  -static  -ffast-math   -o /tmp/mplayer-configure-15406-32757/tmp -D_ISOC99_SOURCE -lm
/tmp/mplayer-configure-15406-32757/tmp.c: In function 'main':
/tmp/mplayer-configure-15406-32757/tmp.c:2: warning: assignment from incompatible pointer type


Result is: yes 
##########################################

============ Checking for roundf ============

#include <math.h>
int main(void) { long (*foo)(float); foo = roundf; (void)(*foo)(0.0); return 0; }

arm-linux-gcc /tmp/mplayer-configure-15406-32757/tmp.c -Wstrict-prototypes -Wmissing-prototypes -Wundef -Wdisabled-optimization -Wno-pointer-sign -Wdeclaration-after-statement -std=gnu99 -Wall -Wno-switch -Wpointer-arith -Wredundant-decls -O4   -pipe -ffast-math -fomit-frame-pointer -I.  -static  -ffast-math   -o /tmp/mplayer-configure-15406-32757/tmp -D_ISOC99_SOURCE -lm
/tmp/mplayer-configure-15406-32757/tmp.c: In function 'main':
/tmp/mplayer-configure-15406-32757/tmp.c:2: warning: assignment from incompatible pointer type


Result is: yes 
##########################################

============ Checking for truncf ============

#include <math.h>
int main(void) { long (*foo)(float); foo = truncf; (void)(*foo)(0.0); return 0; }

arm-linux-gcc /tmp/mplayer-configure-15406-32757/tmp.c -Wstrict-prototypes -Wmissing-prototypes -Wundef -Wdisabled-optimization -Wno-pointer-sign -Wdeclaration-after-statement -std=gnu99 -Wall -Wno-switch -Wpointer-arith -Wredundant-decls -O4   -pipe -ffast-math -fomit-frame-pointer -I.  -static  -ffast-math   -o /tmp/mplayer-configure-15406-32757/tmp -D_ISOC99_SOURCE -lm
/tmp/mplayer-configure-15406-32757/tmp.c: In function 'main':
/tmp/mplayer-configure-15406-32757/tmp.c:2: warning: assignment from incompatible pointer type
/tmp/cc0zPJqp.o: In function `main':
tmp.c:(.text+0xc): undefined reference to `truncf'
collect2: ld returned 1 exit status


Result is: no 
##########################################

============ Checking for mkstemp ============

#include <stdlib.h>
int main(void) { char a;  mkstemp(&a); return 0; }

arm-linux-gcc /tmp/mplayer-configure-15406-32757/tmp.c -Wstrict-prototypes -Wmissing-prototypes -Wundef -Wdisabled-optimization -Wno-pointer-sign -Wdeclaration-after-statement -std=gnu99 -Wall -Wno-switch -Wpointer-arith -Wredundant-decls -O4   -pipe -ffast-math -fomit-frame-pointer -I.  -static  -ffast-math   -o /tmp/mplayer-configure-15406-32757/tmp 


Result is: yes 
##########################################

============ Checking for nanosleep ============

#include <time.h>
int main(void) { (void) nanosleep(0, 0); return 0; }

arm-linux-gcc /tmp/mplayer-configure-15406-32757/tmp.c -Wstrict-prototypes -Wmissing-prototypes -Wundef -Wdisabled-optimization -Wno-pointer-sign -Wdeclaration-after-statement -std=gnu99 -Wall -Wno-switch -Wpointer-arith -Wredundant-decls -O4   -pipe -ffast-math -fomit-frame-pointer -I.  -static  -ffast-math   -o /tmp/mplayer-configure-15406-32757/tmp 


Result is: yes 
##########################################

============ Checking for socklib ============

#include <netdb.h>
#include <sys/socket.h>
int main(void) { (void) gethostbyname(0); (void) socket(AF_INET, SOCK_STREAM, 0); return 0; }

arm-linux-gcc /tmp/mplayer-configure-15406-32757/tmp.c -Wstrict-prototypes -Wmissing-prototypes -Wundef -Wdisabled-optimization -Wno-pointer-sign -Wdeclaration-after-statement -std=gnu99 -Wall -Wno-switch -Wpointer-arith -Wredundant-decls -O4   -pipe -ffast-math -fomit-frame-pointer -I.  -static  -ffast-math   -o /tmp/mplayer-configure-15406-32757/tmp 


Result is: yes 
##########################################

============ Checking for netdb.h, struct addrinfo ============

#if HAVE_WINSOCK2_H
#include <winsock2.h>
#include <ws2tcpip.h>
#else
#include <sys/types.h>
#include <sys/socket.h>
#include <netdb.h>
#endif
int main(void) { struct addrinfo ai; return 0; }

arm-linux-gcc /tmp/mplayer-configure-15406-32757/tmp.c -Wstrict-prototypes -Wmissing-prototypes -Wundef -Wdisabled-optimization -Wno-pointer-sign -Wdeclaration-after-statement -std=gnu99 -Wall -Wno-switch -Wpointer-arith -Wredundant-decls -O4   -pipe -ffast-math -fomit-frame-pointer -I.  -static  -ffast-math   -o /tmp/mplayer-configure-15406-32757/tmp -DHAVE_WINSOCK2_H=0
/tmp/mplayer-configure-15406-32757/tmp.c: In function 'main':
/tmp/mplayer-configure-15406-32757/tmp.c:9: warning: unused variable 'ai'


Result is: yes 
##########################################

============ Checking for netdb.h, getaddrinfo() ============

#if HAVE_WINSOCK2_H
#include <winsock2.h>
#else
#include <sys/types.h>
#include <sys/socket.h>
#include <netdb.h>
#endif
int main(void) { (void) getaddrinfo(0, 0, 0, 0); return 0; }

arm-linux-gcc /tmp/mplayer-configure-15406-32757/tmp.c -Wstrict-prototypes -Wmissing-prototypes -Wundef -Wdisabled-optimization -Wno-pointer-sign -Wdeclaration-after-statement -std=gnu99 -Wall -Wno-switch -Wpointer-arith -Wredundant-decls -O4   -pipe -ffast-math -fomit-frame-pointer -I.  -static  -ffast-math   -o /tmp/mplayer-configure-15406-32757/tmp -DHAVE_WINSOCK2_H=0


Result is: yes 
##########################################

============ Checking for sockaddr_storage ============

#if HAVE_WINSOCK2_H
#include <winsock2.h>
#else
#include <sys/socket.h>
#endif
int main(void) { struct sockaddr_storage sas; return 0; }

arm-linux-gcc /tmp/mplayer-configure-15406-32757/tmp.c -Wstrict-prototypes -Wmissing-prototypes -Wundef -Wdisabled-optimization -Wno-pointer-sign -Wdeclaration-after-statement -std=gnu99 -Wall -Wno-switch -Wpointer-arith -Wredundant-decls -O4   -pipe -ffast-math -fomit-frame-pointer -I.  -static  -ffast-math   -o /tmp/mplayer-configure-15406-32757/tmp -DHAVE_WINSOCK2_H=0
/tmp/mplayer-configure-15406-32757/tmp.c: In function 'main':
/tmp/mplayer-configure-15406-32757/tmp.c:6: warning: unused variable 'sas'


Result is: yes 
##########################################

============ Checking for struct ipv6_mreq ============

#include <netinet/in.h>
int main(void) { struct ipv6_mreq mreq6; return 0; }

arm-linux-gcc /tmp/mplayer-configure-15406-32757/tmp.c -Wstrict-prototypes -Wmissing-prototypes -Wundef -Wdisabled-optimization -Wno-pointer-sign -Wdeclaration-after-statement -std=gnu99 -Wall -Wno-switch -Wpointer-arith -Wredundant-decls -O4   -pipe -ffast-math -fomit-frame-pointer -I.  -static  -ffast-math   -o /tmp/mplayer-configure-15406-32757/tmp 
/tmp/mplayer-configure-15406-32757/tmp.c: In function 'main':
/tmp/mplayer-configure-15406-32757/tmp.c:2: warning: unused variable 'mreq6'


Result is: yes 
##########################################

============ Checking for struct sockaddr_in6 ============

#include <netinet/in.h>
int main(void) { struct sockaddr_in6 addr; return 0; }

arm-linux-gcc /tmp/mplayer-configure-15406-32757/tmp.c -Wstrict-prototypes -Wmissing-prototypes -Wundef -Wdisabled-optimization -Wno-pointer-sign -Wdeclaration-after-statement -std=gnu99 -Wall -Wno-switch -Wpointer-arith -Wredundant-decls -O4   -pipe -ffast-math -fomit-frame-pointer -I.  -static  -ffast-math   -o /tmp/mplayer-configure-15406-32757/tmp 
/tmp/mplayer-configure-15406-32757/tmp.c: In function 'main':
/tmp/mplayer-configure-15406-32757/tmp.c:2: warning: unused variable 'addr'


Result is: yes 
##########################################

============ Checking for struct sockaddr sa_len ============

#if HAVE_WINSOCK2_H
#include <winsock2.h>
#else
#include <sys/types.h>
#include <sys/socket.h>
#endif
int main(void) { const void *p = &((struct sockaddr *)0)->sa_len; return 0; }

arm-linux-gcc /tmp/mplayer-configure-15406-32757/tmp.c -Wstrict-prototypes -Wmissing-prototypes -Wundef -Wdisabled-optimization -Wno-pointer-sign -Wdeclaration-after-statement -std=gnu99 -Wall -Wno-switch -Wpointer-arith -Wredundant-decls -O4   -pipe -ffast-math -fomit-frame-pointer -I.  -static  -ffast-math   -o /tmp/mplayer-configure-15406-32757/tmp -DHAVE_WINSOCK2_H=0
/tmp/mplayer-configure-15406-32757/tmp.c: In function 'main':
/tmp/mplayer-configure-15406-32757/tmp.c:7: error: 'struct sockaddr' has no member named 'sa_len'
/tmp/mplayer-configure-15406-32757/tmp.c:7: warning: unused variable 'p'


Result is: no 
##########################################

============ Checking for arpa/inet.h ============

#include <arpa/inet.h>
int main(void) { return 0; }

arm-linux-gcc /tmp/mplayer-configure-15406-32757/tmp.c -Wstrict-prototypes -Wmissing-prototypes -Wundef -Wdisabled-optimization -Wno-pointer-sign -Wdeclaration-after-statement -std=gnu99 -Wall -Wno-switch -Wpointer-arith -Wredundant-decls -O4   -pipe -ffast-math -fomit-frame-pointer -I.  -static  -ffast-math   -o /tmp/mplayer-configure-15406-32757/tmp 


Result is: yes 
##########################################

============ Checking for inet_pton() ============

#include <sys/types.h>
#include <sys/socket.h>
#include <arpa/inet.h>
int main(void) { (void) inet_pton(0, 0, 0); return 0; }

arm-linux-gcc /tmp/mplayer-configure-15406-32757/tmp.c -Wstrict-prototypes -Wmissing-prototypes -Wundef -Wdisabled-optimization -Wno-pointer-sign -Wdeclaration-after-statement -std=gnu99 -Wall -Wno-switch -Wpointer-arith -Wredundant-decls -O4   -pipe -ffast-math -fomit-frame-pointer -I.  -static  -ffast-math   -o /tmp/mplayer-configure-15406-32757/tmp 


Result is: yes 
##########################################

============ Checking for inet_aton() ============

#include <sys/types.h>
#include <sys/socket.h>
#include <arpa/inet.h>
int main(void) { (void) inet_aton(0, 0); return 0; }

arm-linux-gcc /tmp/mplayer-configure-15406-32757/tmp.c -Wstrict-prototypes -Wmissing-prototypes -Wundef -Wdisabled-optimization -Wno-pointer-sign -Wdeclaration-after-statement -std=gnu99 -Wall -Wno-switch -Wpointer-arith -Wredundant-decls -O4   -pipe -ffast-math -fomit-frame-pointer -I.  -static  -ffast-math   -o /tmp/mplayer-configure-15406-32757/tmp 


Result is: yes 
##########################################

============ Checking for socklen_t ============

#include <sys/socket.h>
int main(void) { socklen_t v = 0; return v; }

arm-linux-gcc /tmp/mplayer-configure-15406-32757/tmp.c -Wstrict-prototypes -Wmissing-prototypes -Wundef -Wdisabled-optimization -Wno-pointer-sign -Wdeclaration-after-statement -std=gnu99 -Wall -Wno-switch -Wpointer-arith -Wredundant-decls -O4   -pipe -ffast-math -fomit-frame-pointer -I.  -static  -ffast-math   -o /tmp/mplayer-configure-15406-32757/tmp 


Result is: yes 
##########################################

============ Checking for closesocket() ============

#include <winsock2.h>
int main(void) { closesocket(~0); return 0; }

arm-linux-gcc /tmp/mplayer-configure-15406-32757/tmp.c -Wstrict-prototypes -Wmissing-prototypes -Wundef -Wdisabled-optimization -Wno-pointer-sign -Wdeclaration-after-statement -std=gnu99 -Wall -Wno-switch -Wpointer-arith -Wredundant-decls -O4   -pipe -ffast-math -fomit-frame-pointer -I.  -static  -ffast-math   -o /tmp/mplayer-configure-15406-32757/tmp 
/tmp/mplayer-configure-15406-32757/tmp.c:1:22: error: winsock2.h: No such file or directory
/tmp/mplayer-configure-15406-32757/tmp.c: In function 'main':
/tmp/mplayer-configure-15406-32757/tmp.c:2: warning: implicit declaration of function 'closesocket'


Result is: no 
##########################################

============ Checking for network ============
Result is: no 
##########################################

============ Checking for inet6 ============
Result is: no 
##########################################

============ Checking for gethostbyname2 ============
Result is: no 
##########################################

============ Checking for inttypes.h (required) ============

#include <inttypes.h>
int main(void) { return 0; }

arm-linux-gcc /tmp/mplayer-configure-15406-32757/tmp.c -Wstrict-prototypes -Wmissing-prototypes -Wundef -Wdisabled-optimization -Wno-pointer-sign -Wdeclaration-after-statement -std=gnu99 -Wall -Wno-switch -Wpointer-arith -Wredundant-decls -O4   -pipe -ffast-math -fomit-frame-pointer -I.  -static  -ffast-math   -o /tmp/mplayer-configure-15406-32757/tmp 


Result is: yes 
##########################################

============ Checking for int_fastXY_t in inttypes.h ============

#include <inttypes.h>
int main(void) {
volatile int_fast16_t v= 0;
return v; }

arm-linux-gcc /tmp/mplayer-configure-15406-32757/tmp.c -Wstrict-prototypes -Wmissing-prototypes -Wundef -Wdisabled-optimization -Wno-pointer-sign -Wdeclaration-after-statement -std=gnu99 -Wall -Wno-switch -Wpointer-arith -Wredundant-decls -O4   -pipe -ffast-math -fomit-frame-pointer -I.  -static  -ffast-math   -o /tmp/mplayer-configure-15406-32757/tmp 


Result is: yes 
##########################################

============ Checking for malloc.h ============

#include <malloc.h>
int main(void) { return 0; }

arm-linux-gcc /tmp/mplayer-configure-15406-32757/tmp.c -Wstrict-prototypes -Wmissing-prototypes -Wundef -Wdisabled-optimization -Wno-pointer-sign -Wdeclaration-after-statement -std=gnu99 -Wall -Wno-switch -Wpointer-arith -Wredundant-decls -O4   -pipe -ffast-math -fomit-frame-pointer -I.  -static  -ffast-math   -o /tmp/mplayer-configure-15406-32757/tmp 


Result is: yes 
##########################################

============ Checking for memalign() ============

#include <malloc.h>
int main(void) { (void) memalign(64, sizeof(char)); return 0; }

arm-linux-gcc /tmp/mplayer-configure-15406-32757/tmp.c -Wstrict-prototypes -Wmissing-prototypes -Wundef -Wdisabled-optimization -Wno-pointer-sign -Wdeclaration-after-statement -std=gnu99 -Wall -Wno-switch -Wpointer-arith -Wredundant-decls -O4   -pipe -ffast-math -fomit-frame-pointer -I.  -static  -ffast-math   -o /tmp/mplayer-configure-15406-32757/tmp 


Result is: yes 
##########################################

============ Checking for posix_memalign() ============

#define _XOPEN_SOURCE 600
#include <stdlib.h>
int main(void) { posix_memalign(NULL, 0, 0); }

arm-linux-gcc /tmp/mplayer-configure-15406-32757/tmp.c -Wstrict-prototypes -Wmissing-prototypes -Wundef -Wdisabled-optimization -Wno-pointer-sign -Wdeclaration-after-statement -std=gnu99 -Wall -Wno-switch -Wpointer-arith -Wredundant-decls -O4   -pipe -ffast-math -fomit-frame-pointer -I.  -static  -ffast-math   -o /tmp/mplayer-configure-15406-32757/tmp 
/tmp/mplayer-configure-15406-32757/tmp.c: In function 'main':
/tmp/mplayer-configure-15406-32757/tmp.c:3: warning: null argument where non-null required (argument 1)


Result is: yes 
##########################################

============ Checking for alloca.h ============

#include <alloca.h>
int main(void) { (void) alloca(0); return 0; }

arm-linux-gcc /tmp/mplayer-configure-15406-32757/tmp.c -Wstrict-prototypes -Wmissing-prototypes -Wundef -Wdisabled-optimization -Wno-pointer-sign -Wdeclaration-after-statement -std=gnu99 -Wall -Wno-switch -Wpointer-arith -Wredundant-decls -O4   -pipe -ffast-math -fomit-frame-pointer -I.  -static  -ffast-math   -o /tmp/mplayer-configure-15406-32757/tmp 



#include <alloca.h>
int main(void) { (void) alloca(0); return 0; }

arm-linux-gcc /tmp/mplayer-configure-15406-32757/tmp.c -Wstrict-prototypes -Wmissing-prototypes -Wundef -Wdisabled-optimization -Wno-pointer-sign -Wdeclaration-after-statement -std=gnu99 -Wall -Wno-switch -Wpointer-arith -Wredundant-decls -O4   -pipe -ffast-math -fomit-frame-pointer -I.  -static  -ffast-math   -o /tmp/mplayer-configure-15406-32757/tmp 


Result is: yes 
##########################################

============ Checking for fastmemcpy ============
Result is: no 
##########################################

============ Checking for hard-coded tables ============
Result is: no 
##########################################

============ Checking for mman.h ============

#include <sys/types.h>
#include <sys/mman.h>
int main(void) { (void) mmap(0, 0, 0, 0, 0, 0); return 0; }

arm-linux-gcc /tmp/mplayer-configure-15406-32757/tmp.c -Wstrict-prototypes -Wmissing-prototypes -Wundef -Wdisabled-optimization -Wno-pointer-sign -Wdeclaration-after-statement -std=gnu99 -Wall -Wno-switch -Wpointer-arith -Wredundant-decls -O4   -pipe -ffast-math -fomit-frame-pointer -I.  -static  -ffast-math   -o /tmp/mplayer-configure-15406-32757/tmp 


Result is: yes 
##########################################


#include <sys/types.h>
#include <sys/mman.h>
int main(void) { void *p = MAP_FAILED; return 0; }

arm-linux-gcc /tmp/mplayer-configure-15406-32757/tmp.c -Wstrict-prototypes -Wmissing-prototypes -Wundef -Wdisabled-optimization -Wno-pointer-sign -Wdeclaration-after-statement -std=gnu99 -Wall -Wno-switch -Wpointer-arith -Wredundant-decls -O4   -pipe -ffast-math -fomit-frame-pointer -I.  -static  -ffast-math   -o /tmp/mplayer-configure-15406-32757/tmp 
/tmp/mplayer-configure-15406-32757/tmp.c: In function 'main':
/tmp/mplayer-configure-15406-32757/tmp.c:3: warning: unused variable 'p'


============ Checking for dynamic loader ============

#include <stddef.h>
#include <dlfcn.h>
int main(void) { dlopen("", 0); dlclose(NULL); dlsym(NULL, ""); return 0; }

arm-linux-gcc /tmp/mplayer-configure-15406-32757/tmp.c -Wstrict-prototypes -Wmissing-prototypes -Wundef -Wdisabled-optimization -Wno-pointer-sign -Wdeclaration-after-statement -std=gnu99 -Wall -Wno-switch -Wpointer-arith -Wredundant-decls -O4   -pipe -ffast-math -fomit-frame-pointer -I.  -static  -ffast-math   -o /tmp/mplayer-configure-15406-32757/tmp 
/tmp/mplayer-configure-15406-32757/tmp.c: In function 'main':
/tmp/mplayer-configure-15406-32757/tmp.c:3: warning: null argument where non-null required (argument 1)
/tmp/ccEhSg2V.o: In function `main':
tmp.c:(.text+0x10): undefined reference to `dlopen'
tmp.c:(.text+0x18): undefined reference to `dlclose'
tmp.c:(.text+0x24): undefined reference to `dlsym'
collect2: ld returned 1 exit status



#include <stddef.h>
#include <dlfcn.h>
int main(void) { dlopen("", 0); dlclose(NULL); dlsym(NULL, ""); return 0; }

arm-linux-gcc /tmp/mplayer-configure-15406-32757/tmp.c -Wstrict-prototypes -Wmissing-prototypes -Wundef -Wdisabled-optimization -Wno-pointer-sign -Wdeclaration-after-statement -std=gnu99 -Wall -Wno-switch -Wpointer-arith -Wredundant-decls -O4   -pipe -ffast-math -fomit-frame-pointer -I.  -static  -ffast-math   -o /tmp/mplayer-configure-15406-32757/tmp -ldl
/tmp/mplayer-configure-15406-32757/tmp.c: In function 'main':
/tmp/mplayer-configure-15406-32757/tmp.c:3: warning: null argument where non-null required (argument 1)


Result is: yes 
##########################################

============ Checking for dynamic a/v plugins support ============
Result is: no 
##########################################

============ Checking for pthread ============
Result is: no (v4l, v4l2, ao_nas, win32 loader disabled)
##########################################

============ Checking for w32threads ============
Result is: no 
##########################################

============ Checking for rpath ============
Result is: no 
##########################################

============ Checking for iconv ============
Result is: yes 
##########################################

============ Checking for soundcard.h ============

#include <sys/soundcard.h>
int main(void) { return 0; }

arm-linux-gcc /tmp/mplayer-configure-15406-32757/tmp.c -Wstrict-prototypes -Wmissing-prototypes -Wundef -Wdisabled-optimization -Wno-pointer-sign -Wdeclaration-after-statement -std=gnu99 -Wall -Wno-switch -Wpointer-arith -Wredundant-decls -O4   -pipe -ffast-math -fomit-frame-pointer -I.  -static  -ffast-math   -o /tmp/mplayer-configure-15406-32757/tmp 


Result is: yes (sys/soundcard.h)
##########################################

============ Checking for sys/dvdio.h ============

#include <sys/dvdio.h>
int main(void) { return 0; }

arm-linux-gcc /tmp/mplayer-configure-15406-32757/tmp.c -Wstrict-prototypes -Wmissing-prototypes -Wundef -Wdisabled-optimization -Wno-pointer-sign -Wdeclaration-after-statement -std=gnu99 -Wall -Wno-switch -Wpointer-arith -Wredundant-decls -O4   -pipe -ffast-math -fomit-frame-pointer -I.  -static  -ffast-math   -o /tmp/mplayer-configure-15406-32757/tmp 
/tmp/mplayer-configure-15406-32757/tmp.c:1:23: error: sys/dvdio.h: No such file or directory


Result is: no 
##########################################

============ Checking for sys/cdio.h ============

#include <sys/cdio.h>
int main(void) { return 0; }

arm-linux-gcc /tmp/mplayer-configure-15406-32757/tmp.c -Wstrict-prototypes -Wmissing-prototypes -Wundef -Wdisabled-optimization -Wno-pointer-sign -Wdeclaration-after-statement -std=gnu99 -Wall -Wno-switch -Wpointer-arith -Wredundant-decls -O4   -pipe -ffast-math -fomit-frame-pointer -I.  -static  -ffast-math   -o /tmp/mplayer-configure-15406-32757/tmp 
/tmp/mplayer-configure-15406-32757/tmp.c:1:22: error: sys/cdio.h: No such file or directory


Result is: no 
##########################################

============ Checking for linux/cdrom.h ============

#include <linux/cdrom.h>
int main(void) { return 0; }

arm-linux-gcc /tmp/mplayer-configure-15406-32757/tmp.c -Wstrict-prototypes -Wmissing-prototypes -Wundef -Wdisabled-optimization -Wno-pointer-sign -Wdeclaration-after-statement -std=gnu99 -Wall -Wno-switch -Wpointer-arith -Wredundant-decls -O4   -pipe -ffast-math -fomit-frame-pointer -I.  -static  -ffast-math   -o /tmp/mplayer-configure-15406-32757/tmp 


Result is: yes 
##########################################

============ Checking for dvd.h ============

#include <dvd.h>
int main(void) { return 0; }

arm-linux-gcc /tmp/mplayer-configure-15406-32757/tmp.c -Wstrict-prototypes -Wmissing-prototypes -Wundef -Wdisabled-optimization -Wno-pointer-sign -Wdeclaration-after-statement -std=gnu99 -Wall -Wno-switch -Wpointer-arith -Wredundant-decls -O4   -pipe -ffast-math -fomit-frame-pointer -I.  -static  -ffast-math   -o /tmp/mplayer-configure-15406-32757/tmp 
/tmp/mplayer-configure-15406-32757/tmp.c:1:17: error: dvd.h: No such file or directory


Result is: no 
##########################################

============ Checking for termcap ============
Result is: no 
##########################################

============ Checking for termios ============
Result is: no 
##########################################

============ Checking for shm ============
Result is: no 
##########################################

============ Checking for strsep() ============

#include <string.h>
int main(void) { char *s = "Hello, world!"; (void) strsep(&s, ","); return 0; }

arm-linux-gcc /tmp/mplayer-configure-15406-32757/tmp.c -Wstrict-prototypes -Wmissing-prototypes -Wundef -Wdisabled-optimization -Wno-pointer-sign -Wdeclaration-after-statement -std=gnu99 -Wall -Wno-switch -Wpointer-arith -Wredundant-decls -O4   -pipe -ffast-math -fomit-frame-pointer -I.  -static  -ffast-math   -o /tmp/mplayer-configure-15406-32757/tmp 


Result is: yes 
##########################################

============ Checking for vsscanf() ============

#define _ISOC99_SOURCE
#include <stdarg.h>
#include <stdio.h>
int main(void) { va_list ap; vsscanf("foo", "bar", ap); return 0; }

arm-linux-gcc /tmp/mplayer-configure-15406-32757/tmp.c -Wstrict-prototypes -Wmissing-prototypes -Wundef -Wdisabled-optimization -Wno-pointer-sign -Wdeclaration-after-statement -std=gnu99 -Wall -Wno-switch -Wpointer-arith -Wredundant-decls -O4   -pipe -ffast-math -fomit-frame-pointer -I.  -static  -ffast-math   -o /tmp/mplayer-configure-15406-32757/tmp 
/tmp/mplayer-configure-15406-32757/tmp.c: In function 'main':
/tmp/mplayer-configure-15406-32757/tmp.c:4: warning: 'ap' is used uninitialized in this function


Result is: yes 
##########################################

============ Checking for swab() ============

#define _XOPEN_SOURCE 600
#include <unistd.h>
int main(void) { swab(0, 0, 0); return 0; }

arm-linux-gcc /tmp/mplayer-configure-15406-32757/tmp.c -Wstrict-prototypes -Wmissing-prototypes -Wundef -Wdisabled-optimization -Wno-pointer-sign -Wdeclaration-after-statement -std=gnu99 -Wall -Wno-switch -Wpointer-arith -Wredundant-decls -O4   -pipe -ffast-math -fomit-frame-pointer -I.  -static  -ffast-math   -o /tmp/mplayer-configure-15406-32757/tmp 
/tmp/mplayer-configure-15406-32757/tmp.c: In function 'main':
/tmp/mplayer-configure-15406-32757/tmp.c:3: warning: null argument where non-null required (argument 1)
/tmp/mplayer-configure-15406-32757/tmp.c:3: warning: null argument where non-null required (argument 2)


Result is: yes 
##########################################

============ Checking for POSIX select() ============

#include <stdio.h>
#include <stdlib.h>
#include <sys/types.h>
#include <string.h>
#include <sys/time.h>
#include <unistd.h>
int main(void) {int nfds = 1; fd_set readfds; struct timeval timeout; select(nfds,&readfds,NULL,NULL,&timeout); return 0; }

arm-linux-gcc /tmp/mplayer-configure-15406-32757/tmp.c -Wstrict-prototypes -Wmissing-prototypes -Wundef -Wdisabled-optimization -Wno-pointer-sign -Wdeclaration-after-statement -std=gnu99 -Wall -Wno-switch -Wpointer-arith -Wredundant-decls -O4   -pipe -ffast-math -fomit-frame-pointer -I.  -static  -ffast-math   -o /tmp/mplayer-configure-15406-32757/tmp 


Result is: yes 
##########################################

============ Checking for audio select() ============
Result is: yes 
##########################################

============ Checking for gettimeofday() ============

#include <sys/time.h>
int main(void) {struct timeval tv; struct timezone tz; gettimeofday(&tv, &tz); return 0; }

arm-linux-gcc /tmp/mplayer-configure-15406-32757/tmp.c -Wstrict-prototypes -Wmissing-prototypes -Wundef -Wdisabled-optimization -Wno-pointer-sign -Wdeclaration-after-statement -std=gnu99 -Wall -Wno-switch -Wpointer-arith -Wredundant-decls -O4   -pipe -ffast-math -fomit-frame-pointer -I.  -static  -ffast-math   -o /tmp/mplayer-configure-15406-32757/tmp 


Result is: yes 
##########################################

============ Checking for glob() ============

#include <stdio.h>
#include <glob.h>
int main(void) { glob_t gg; glob("filename",0,NULL,&gg); return 0; }

arm-linux-gcc /tmp/mplayer-configure-15406-32757/tmp.c -Wstrict-prototypes -Wmissing-prototypes -Wundef -Wdisabled-optimization -Wno-pointer-sign -Wdeclaration-after-statement -std=gnu99 -Wall -Wno-switch -Wpointer-arith -Wredundant-decls -O4   -pipe -ffast-math -fomit-frame-pointer -I.  -static  -ffast-math   -o /tmp/mplayer-configure-15406-32757/tmp 


Result is: yes 
##########################################

============ Checking for setenv() ============

#include <stdlib.h>
int main(void) { setenv("","",0); return 0; }

arm-linux-gcc /tmp/mplayer-configure-15406-32757/tmp.c -Wstrict-prototypes -Wmissing-prototypes -Wundef -Wdisabled-optimization -Wno-pointer-sign -Wdeclaration-after-statement -std=gnu99 -Wall -Wno-switch -Wpointer-arith -Wredundant-decls -O4   -pipe -ffast-math -fomit-frame-pointer -I.  -static  -ffast-math   -o /tmp/mplayer-configure-15406-32757/tmp 


Result is: yes 
##########################################

============ Checking for setmode() ============

#include <io.h>
int main(void) { setmode(0, 0); return 0; }

arm-linux-gcc /tmp/mplayer-configure-15406-32757/tmp.c -Wstrict-prototypes -Wmissing-prototypes -Wundef -Wdisabled-optimization -Wno-pointer-sign -Wdeclaration-after-statement -std=gnu99 -Wall -Wno-switch -Wpointer-arith -Wredundant-decls -O4   -pipe -ffast-math -fomit-frame-pointer -I.  -static  -ffast-math   -o /tmp/mplayer-configure-15406-32757/tmp 
/tmp/mplayer-configure-15406-32757/tmp.c:1:16: error: io.h: No such file or directory
/tmp/mplayer-configure-15406-32757/tmp.c: In function 'main':
/tmp/mplayer-configure-15406-32757/tmp.c:2: warning: implicit declaration of function 'setmode'


Result is: no 
##########################################

============ Checking for sys/sysinfo.h ============

#include <sys/sysinfo.h>
int main(void) {
  struct sysinfo s_info;
  sysinfo(&s_info);
  return 0;
}

arm-linux-gcc /tmp/mplayer-configure-15406-32757/tmp.c -Wstrict-prototypes -Wmissing-prototypes -Wundef -Wdisabled-optimization -Wno-pointer-sign -Wdeclaration-after-statement -std=gnu99 -Wall -Wno-switch -Wpointer-arith -Wredundant-decls -O4   -pipe -ffast-math -fomit-frame-pointer -I.  -static  -ffast-math   -o /tmp/mplayer-configure-15406-32757/tmp 


Result is: yes 
##########################################

============ Checking for Apple IR ============
Result is: no 
##########################################

============ Checking for pkg-config ============
Result is: yes 
##########################################

============ Checking for Samba support (libsmbclient) ============
Result is: no 
##########################################

============ Checking for tdfxfb ============
Result is: no 
##########################################

============ Checking for s3fb ============
Result is: no 
##########################################

============ Checking for wii ============
Result is: no 
##########################################

============ Checking for tdfxvid ============
Result is: no 
##########################################

============ Checking for xvr100 ============
Result is: no 
##########################################

============ Checking for tga ============
Result is: no 
##########################################

============ Checking for md5sum support ============
Result is: no 
##########################################

============ Checking for yuv4mpeg support ============
Result is: no 
##########################################

============ Checking for bl ============
Result is: no 
##########################################

============ Checking for DirectFB ============
Result is: no 
##########################################

============ Checking for X11 headers presence ============
Result is: yes 
##########################################

============ Checking for X11 ============
Result is: no (check if the dev(el) packages are installed)
##########################################

============ Checking for Xss screensaver extensions ============
Result is: no 
##########################################

============ Checking for DPMS ============
Result is: no 
##########################################

============ Checking for Xv ============
Result is: no 
##########################################

============ Checking for XvMC ============
Result is: no 
##########################################

============ Checking for VDPAU ============
Result is: no 
##########################################

============ Checking for Xinerama ============
Result is: no 
##########################################

============ Checking for Xxf86vm ============
Result is: no 
##########################################

============ Checking for XF86keysym ============
Result is: no 
##########################################

============ Checking for DGA ============
Result is: no 
##########################################

============ Checking for 3dfx ============
Result is: no 
##########################################

============ Checking for VIDIX ============
Result is: no 
##########################################

============ Checking for GGI ============
Result is: no 
##########################################

============ Checking for GGI extension: libggiwmh ============
Result is: no 
##########################################

============ Checking for AA ============
Result is: no 
##########################################

============ Checking for CACA ============
Result is: no 
##########################################

============ Checking for SVGAlib ============
Result is: no 
##########################################

============ Checking for FBDev ============
Result is: yes 
##########################################

============ Checking for DVB ============
Result is: no 
##########################################

============ Checking for PNG support ============
Result is: no 
##########################################

============ Checking for MNG support ============
Result is: no 
##########################################

============ Checking for JPEG support ============
Result is: no 
##########################################

============ Checking for OpenJPEG (JPEG2000) support ============
Result is: no 
##########################################

============ Checking for PNM support ============
Result is: no 
##########################################

============ Checking for GIF support ============
Result is: no 
##########################################

============ Checking for VESA support ============
Result is: no 
##########################################

============ Checking for SDL ============
1.2.10
Result is: no 
##########################################

============ Checking for OpenGL ============
Result is: no 
##########################################

============ Checking for MatrixView ============
Result is: no 
##########################################

============ Checking for DXR2 ============
Result is: no 
##########################################

============ Checking for DXR3/H+ ============
Result is: no 
##########################################

============ Checking for IVTV TV-Out (pre linux-2.6.24) ============
Result is: no 
##########################################

============ Checking for V4L2 MPEG Decoder ============
Result is: no 
##########################################

============ Checking for OSS Audio ============

#include <sys/ioctl.h>
#include <sys/soundcard.h>
#ifdef OPEN_SOUND_SYSTEM
int main(void) { return 0; }
#else
#error Not the real thing
#endif

arm-linux-gcc /tmp/mplayer-configure-15406-32757/tmp.c -Wstrict-prototypes -Wmissing-prototypes -Wundef -Wdisabled-optimization -Wno-pointer-sign -Wdeclaration-after-statement -std=gnu99 -Wall -Wno-switch -Wpointer-arith -Wredundant-decls -O4   -pipe -ffast-math -fomit-frame-pointer -I.  -static  -ffast-math   -o /tmp/mplayer-configure-15406-32757/tmp 


Result is: yes 
##########################################

============ Checking for aRts ============
Result is: no 
##########################################

============ Checking for EsounD ============
Result is: no 
##########################################

============ Checking for NAS ============
Result is: no 
##########################################

============ Checking for pulse ============
Result is: no 
##########################################

============ Checking for JACK ============
Result is: no 
##########################################

============ Checking for OpenAL ============
Result is: no 
##########################################

============ Checking for ALSA audio ============
Result is: no 
##########################################

============ Checking for Sun audio ============
Result is: no 
##########################################

============ Checking for VCD support ============
Result is: no (not supported on this OS)
##########################################

============ Checking for Blu-ray support ============
Result is: no 
##########################################

============ Checking for dvdread ============
Result is: no 
##########################################

============ Checking for internal libdvdcss ============
Result is: no 
##########################################

============ Checking for cdparanoia ============
Result is: no 
##########################################

============ Checking for libcdio ============
Result is: no 
##########################################

============ Checking for bitmap font support ============
Result is: no 
##########################################

============ Checking for freetype >= 2.0.9 ============
Result is: yes 
##########################################

============ Checking for fontconfig ============
Result is: no 
##########################################

============ Checking for SSA/ASS support ============
Result is: no 
##########################################

============ Checking for fribidi with charsets ============
Result is: no 
##########################################

============ Checking for ENCA ============
Result is: no 
##########################################

============ Checking for zlib ============

#include <zlib.h>
int main(void) { (void) inflate(0, Z_NO_FLUSH); return 0; }

arm-linux-gcc /tmp/mplayer-configure-15406-32757/tmp.c -Wstrict-prototypes -Wmissing-prototypes -Wundef -Wdisabled-optimization -Wno-pointer-sign -Wdeclaration-after-statement -std=gnu99 -Wall -Wno-switch -Wpointer-arith -Wredundant-decls -O4   -pipe -ffast-math -fomit-frame-pointer -I.  -I/usr/include/freetype2 -static  -ffast-math -lfreetype   -o /tmp/mplayer-configure-15406-32757/tmp -lz
/usr/local/arm_linux_4.2/lib/gcc/arm-none-linux-gnueabi/4.2.1/../../../../arm-none-linux-gnueabi/bin/ld: cannot find -lfreetype
collect2: ld returned 1 exit status


Result is: no 
##########################################

============ Checking for bzlib ============

#include <bzlib.h>
int main(void) { BZ2_bzlibVersion(); return 0; }

arm-linux-gcc /tmp/mplayer-configure-15406-32757/tmp.c -Wstrict-prototypes -Wmissing-prototypes -Wundef -Wdisabled-optimization -Wno-pointer-sign -Wdeclaration-after-statement -std=gnu99 -Wall -Wno-switch -Wpointer-arith -Wredundant-decls -O4   -pipe -ffast-math -fomit-frame-pointer -I.  -I/usr/include/freetype2 -static  -ffast-math -lfreetype   -o /tmp/mplayer-configure-15406-32757/tmp -lbz2
/tmp/mplayer-configure-15406-32757/tmp.c:1:19: error: bzlib.h: No such file or directory
/tmp/mplayer-configure-15406-32757/tmp.c: In function 'main':
/tmp/mplayer-configure-15406-32757/tmp.c:2: warning: implicit declaration of function 'BZ2_bzlibVersion'


Result is: no 
##########################################

============ Checking for RTC ============
Result is: no 
##########################################

============ Checking for liblzo2 support ============
Result is: no 
##########################################

============ Checking for mad support ============
Result is: no 
##########################################

============ Checking for Twolame ============
Result is: no 
##########################################

============ Checking for Toolame ============
Result is: no 
##########################################

============ Checking for OggVorbis support ============
Result is: yes (internal low accuracy Tremor)
##########################################

============ Checking for libspeex (version >= 1.1 required) ============
Result is: no 
##########################################

============ Checking for libgsm ============
Result is: no 
##########################################

============ Checking for OggTheora support ============
Result is: no 
##########################################

============ Checking for mp3lib support ============
Result is: no 
##########################################

============ Checking for mpg123 support ============
Result is: no 
##########################################

============ Checking for liba52 support ============
Result is: no 
##########################################

============ Checking for libmpeg2 support ============
Result is: no 
##########################################

============ Checking for libdca support ============
Result is: no 
##########################################

============ Checking for libmpcdec (musepack, version >= 1.2.1 required) ============
Result is: no 
##########################################

============ Checking for FAAC support ============
Result is: no (in libavcodec: no)
##########################################

============ Checking for FAAD2 support ============
Result is: yes (internal fixed-point)
##########################################

============ Checking for LADSPA plugin support ============
Result is: no 
##########################################

============ Checking for libbs2b audio filter support ============
Result is: no 
##########################################

============ Checking for Win32 codecs ============
Result is: no 
##########################################

============ Checking for XAnim codecs ============
Result is: no 
##########################################

============ Checking for RealPlayer codecs ============
Result is: no 
##########################################

============ Checking for QuickTime codecs ============
Result is: no 
##########################################

============ Checking for Nemesi Streaming Media libraries ============
Result is: no 
##########################################

============ Checking for LIVE555 Streaming Media libraries ============
Result is: no 
##########################################

============ Checking for RTMPDump Streaming Media library ============
Result is: no 
##########################################

============ Checking for FFmpeg libavutil ============
Result is: yes 
##########################################

============ Checking for FFmpeg libavcodec ============
Result is: yes 
##########################################

============ Checking for FFmpeg libavformat ============
Result is: yes 
##########################################

============ Checking for FFmpeg libpostproc ============
Result is: yes 
##########################################

============ Checking for FFmpeg libswscale ============
Result is: yes 
##########################################

============ Checking for /dev/mga_vid ============
Result is: no 
##########################################

============ Checking for xmga ============
Result is: no 
##########################################

============ Checking for libopencore_amr narrowband ============
Result is: no 
##########################################

============ Checking for libopencore_amr wideband ============
Result is: no 
##########################################

============ Checking for libdv-0.9.5+ ============
Result is: no 
##########################################

============ Checking for Xvid ============
Result is: no 
##########################################

============ Checking for Xvid two pass plugin ============
Result is: no 
##########################################

============ Checking for x264 ============
Result is: no (in libavcodec: no)
##########################################

============ Checking for libdirac ============
Result is: no 
##########################################

============ Checking for libschroedinger ============
Result is: no 
##########################################

============ Checking for libvpx ============
Result is: no 
##########################################

============ Checking for libnut ============
Result is: no 
##########################################

============ Checking for zr ============
Result is: no 
##########################################

============ Checking for mencoder ============
Result is: no 
##########################################

============ Checking for UnRAR executable ============
Result is: no 
##########################################

============ Checking for TV interface ============
Result is: no 
##########################################

============ Checking for DirectShow TV interface ============
Result is: no 
##########################################

============ Checking for Video 4 Linux TV interface ============
Result is: no 
##########################################

============ Checking for Video 4 Linux 2 TV interface ============
Result is: no 
##########################################

============ Checking for Radio interface ============
Result is: no 
##########################################

============ Checking for Capture for Radio interface ============
Result is: no 
##########################################

============ Checking for Video 4 Linux 2 Radio interface ============
Result is: no 
##########################################

============ Checking for Video 4 Linux Radio interface ============
Result is: no 
##########################################

============ Checking for Video 4 Linux 2 MPEG PVR interface ============
Result is: no 
##########################################

============ Checking for ftp ============
Result is: no 
##########################################

============ Checking for vstream client ============
Result is: no 
##########################################

============ Checking for OSD menu ============
Result is: no 
##########################################

============ Checking for Subtitles sorting ============
Result is: yes 
##########################################

============ Checking for XMMS inputplugin support ============
Result is: no 
##########################################

============ Checking for GUI ============
============ Checking for automatic gdb attach ============
Result is: no 
##########################################

============ Checking for compiler support for noexecstack ============

int main(void) { return 0; }

arm-linux-gcc /tmp/mplayer-configure-15406-32757/tmp.c -Wstrict-prototypes -Wmissing-prototypes -Wundef -Wdisabled-optimization -Wno-pointer-sign -Wdeclaration-after-statement -std=gnu99 -Wall -Wno-switch -Wpointer-arith -Wredundant-decls -O4   -pipe -ffast-math -fomit-frame-pointer -I.  -I/usr/include/freetype2 -static  -ffast-math -lfreetype   -o /tmp/mplayer-configure-15406-32757/tmp -Wl,-z,noexecstack
/usr/local/arm_linux_4.2/lib/gcc/arm-none-linux-gnueabi/4.2.1/../../../../arm-none-linux-gnueabi/bin/ld: cannot find -lfreetype
collect2: ld returned 1 exit status


Result is: no 
##########################################

============ Checking for linker support for --nxcompat --no-seh --dynamicbase ============

int main(void) { return 0; }

arm-linux-gcc /tmp/mplayer-configure-15406-32757/tmp.c -Wstrict-prototypes -Wmissing-prototypes -Wundef -Wdisabled-optimization -Wno-pointer-sign -Wdeclaration-after-statement -std=gnu99 -Wall -Wno-switch -Wpointer-arith -Wredundant-decls -O4   -pipe -ffast-math -fomit-frame-pointer -I.  -I/usr/include/freetype2 -static  -ffast-math -lfreetype   -o /tmp/mplayer-configure-15406-32757/tmp -Wl,--nxcompat -Wl,--no-seh -Wl,--dynamicbase
/usr/local/arm_linux_4.2/lib/gcc/arm-none-linux-gnueabi/4.2.1/../../../../arm-none-linux-gnueabi/bin/ld: unrecognized option '--nxcompat'
/usr/local/arm_linux_4.2/lib/gcc/arm-none-linux-gnueabi/4.2.1/../../../../arm-none-linux-gnueabi/bin/ld: use the --help option for usage information
collect2: ld returned 1 exit status


Result is: no 
##########################################

============ Checking for joystick ============
Result is: no 
##########################################

============ Checking for lirc ============
Result is: no 
##########################################

============ Checking for lircc ============
Result is: no 
##########################################

============ Checking for maemo (Nokia 770|8x0) ============
Result is: no 
##########################################

============ Checking for DVD support (libdvdnav) ============
Result is: no 
##########################################

